0 [125884525882304] INFO perfrun.launcher <> - Launcher main begin
0 [125884525882304] INFO perfrun.launcher <> - MessageCatalogInit finished
0 [125884525882304] INFO perfrun.launcher <> - Launcher instance created
0 [125884525882304] INFO perfrun.launcher <> - argc = 7; cmdline = /opt/intel/oneapi/vtune/2024.1/bin64/amplxe-runss --ui-output-format xml --ui-output-fd 5 --option-file /home/mgiampaolo/Desktop/vtune-cli/config/runss.options 
19 [125884525882304] INFO perfrun.launcher <> - create msngr2::ICliToolContext
19 [125884525882304] INFO perfrun.launcher <> - create file finder object
19 [125884525882304] INFO perfrun.launcher <> - create a result directory: pattern = /home/mgiampaolo/Desktop/vtune-cli pid = 4294967295
19 [125884525882304] INFO perfrun.sdk <> - checked that the directory /home/mgiampaolo/Desktop/vtune-cli is a local directory
19 [125884525882304] INFO perfrun.sdk <> - the directory /home/mgiampaolo/Desktop/vtune-cli is a local directory with FS type ID 61267
20 [125884525882304] INFO perfrun.launcher <> - create data directory = /home/mgiampaolo/Desktop/vtune-cli/data.0
20 [125884525882304] INFO perfrun.launcher <> - Creating the master collection flag
21 [125884525882304] INFO perfrun.launcher <> - Done creating the master collection flag
21 [125884302362304] INFO perfrun.launcher <> - plugin [remoteplug] was disabled because it doesn't support the given collection type.
22 [125884302362304] INFO perfrun.sdk <> - Allocating TMU :/home/mgiampaolo/Desktop/vtune-cli/data.0/systemcollector-13486-Invariant.sc
22 [125884302362304] INFO perfrun.system <> - Tpss based collection
22 [125884302362304] INFO perfrun.launcher <> - plugin [ptracecollector] was disabled because it doesn't support the given collection type.
22 [125884302362304] INFO perfrun.launcher <> - plugin [gpu] was disabled because it doesn't support the given collection type.
22 [125884302362304] INFO perfrun.launcher <> - plugin [] was disabled because it doesn't support the given collection type.
22 [125884302362304] INFO perfrun.launcher <> - plugin [] was disabled because it doesn't support the given collection type.
22 [125884302362304] INFO perfrun.launcher <> - plugin [] was disabled because it doesn't support the given collection type.
22 [125884302362304] INFO perfrun.mrte <> - system-wide mode is 0
22 [125884302362304] INFO perfrun.mrte <> - Getting  mrte profiling environment ...
25 [125884302362304] INFO perfrun.mrte <> - INTEL_MRTE_DATA_DIR=/home/mgiampaolo/Desktop/vtune-cli/data.0
25 [125884302362304] INFO perfrun.mrte <> - INTEL_MRTE_HOST_NAME=Invariant
25 [125884302362304] INFO perfrun.mrte <> - JAVA_TOOL_OPTIONS=-agentlib:amplxe_tpssmrte_javaprof_1.0 -Dsun.boot.library.path=/opt/intel/oneapi/vtune/2024.1/lib32/runtime:/opt/intel/oneapi/vtune/2024.1/lib64/runtime
25 [125884302362304] INFO perfrun.mrte <> - LD_LIBRARY_PATH=/opt/intel/oneapi/vtune/2024.1/lib32/runtime:/opt/intel/oneapi/vtune/2024.1/lib64/runtime
25 [125884302362304] INFO perfrun.mrte <> - CORECLR_ENABLE_PROFILING=1
25 [125884302362304] INFO perfrun.mrte <> - CORECLR_PROFILER={AA5E4821-E3B1-479c-B7FF-5AD047D22CED}
25 [125884302362304] INFO perfrun.mrte <> - CORECLR_PROFILER_PATH=/opt/intel/oneapi/vtune/2024.1/lib64/libamplxe_samplingmrte_clrprof_1.0.so
25 [125884302362304] INFO perfrun.mrte <> - INTEL_MRTE_PROFILER_MODE=mixed
25 [125884302362304] INFO perfrun.mrte <> - Data directory: /home/mgiampaolo/Desktop/vtune-cli/data.0
25 [125884302362304] INFO perfrun.mrte <> - Mrte plugin is initialized
25 [125884302362304] INFO perfrun.launcher <> - plugin [emon] was disabled because it doesn't support the given collection type.
25 [125884302362304] INFO perfrun.launcher <> - plugin [cuscol] was disabled because it doesn't support the given collection type.
25 [125884302362304] INFO perfrun.launcher <> - plugin [stdsrc] was disabled because it doesn't support the given collection type.
25 [125884302362304] INFO perfrun.launcher <> - plugin [sep] was disabled because it doesn't support the given collection type.
25 [125884302362304] INFO perfrun.launcher <> - plugin [vtsspp] was disabled because it doesn't support the given collection type.
25 [125884302362304] INFO perfrun.launcher <> - plugin [perf] was disabled because it doesn't support the given collection type.
25 [125884302362304] INFO perfrun.launcher <> - plugin [aoclprofile] was disabled because it doesn't support the given collection type.
25 [125884302362304] INFO perfrun.tpss <> - initialize tpss controller
25 [125884302362304] INFO perfrun.tpss <> - configure collection mode: value = memory
25 [125884302362304] INFO perfrun.tpss <> - default obj-size-min=1024
25 [125884302362304] INFO perfrun.tpss <> - default hash-table-size=0
25 [125884302362304] INFO perfrun.tpss <> - obj-size-min 32
25 [125884302362304] INFO perfrun.tpss <> - hash-table-size 0
25 [125884302362304] INFO perfrun.launcher <> - plugin [media] was disabled because it doesn't support the given collection type.
25 [125884302362304] INFO perfrun.launcher <> - plugin [] was disabled because it doesn't support the given collection type.
25 [125884302362304] INFO perfrun.launcher <> - plugin [] was disabled because it doesn't support the given collection type.
25 [125884302362304] INFO perfrun.launcher <> - plugin [parallelfs] was disabled because it doesn't support the given collection type.
25 [125884302362304] INFO perfrun.launcher <> - plugin [power] was disabled because it doesn't support the given collection type.
25 [125884302362304] INFO perfrun.launcher <> - plugin [] was disabled because it doesn't support the given collection type.
25 [125884302362304] INFO perfrun.launcher <> - plugin [ipmwatch] was disabled because it doesn't support the given collection type.
25 [125884302362304] INFO perfrun.launcher <> - plugin [os_counters] was disabled because it doesn't support the given collection type.
25 [125884302362304] INFO perfrun.launcher <> - plugin [l0_metrics] was disabled because it doesn't support the given collection type.
25 [125884525882304] INFO perfrun.launcher <> - set environment variable: LD_LIBRARY_PATH = /opt/intel/oneapi/vtune/2024.1/lib32/runtime:/opt/intel/oneapi/vtune/2024.1/lib64/runtime
25 [125884525882304] INFO perfrun.launcher <> - set environment variable: INTEL_LIBITTNOTIFY32 = /opt/intel/oneapi/vtune/2024.1/lib32/runtime/libittnotify_collector.so
25 [125884525882304] INFO perfrun.launcher <> - set environment variable: INTEL_LIBITTNOTIFY64 = /opt/intel/oneapi/vtune/2024.1/lib64/runtime/libittnotify_collector.so
25 [125884525882304] INFO perfrun.launcher <> - set environment variable: INTEL_ITTNOTIFY_GROUPS = 
25 [125884525882304] INFO perfrun.launcher <> - set environment variable: INTEL_JIT_PROFILER32 = /opt/intel/oneapi/vtune/2024.1/lib32/runtime/libittnotify_collector.so
25 [125884525882304] INFO perfrun.launcher <> - set environment variable: INTEL_JIT_PROFILER64 = /opt/intel/oneapi/vtune/2024.1/lib64/runtime/libittnotify_collector.so
25 [125884525882304] INFO perfrun.launcher <> - set environment variable: ENABLE_JITPROFILING = 1
25 [125884525882304] INFO perfrun.launcher <> - set environment variable: CL_CONFIG_USE_VTUNE = True
25 [125884525882304] INFO perfrun.launcher <> - set environment variable: KMP_FORKJOIN_FRAMES = 0
25 [125884525882304] INFO perfrun.launcher <> - set environment variable: KMP_FORKJOIN_FRAMES_MODE = 0
25 [125884525882304] INFO perfrun.launcher <> - set environment variable: INTEL_MRTE_DATA_DIR = /home/mgiampaolo/Desktop/vtune-cli/data.0
25 [125884525882304] INFO perfrun.launcher <> - set environment variable: INTEL_MRTE_HOST_NAME = Invariant
25 [125884525882304] INFO perfrun.launcher <> - set environment variable: JAVA_TOOL_OPTIONS = -agentlib:amplxe_tpssmrte_javaprof_1.0 -Dsun.boot.library.path=/opt/intel/oneapi/vtune/2024.1/lib32/runtime:/opt/intel/oneapi/vtune/2024.1/lib64/runtime
25 [125884525882304] INFO perfrun.launcher <> - set environment variable: LD_LIBRARY_PATH = /opt/intel/oneapi/vtune/2024.1/lib32/runtime:/opt/intel/oneapi/vtune/2024.1/lib64/runtime
25 [125884525882304] INFO perfrun.launcher <> - set environment variable: CORECLR_ENABLE_PROFILING = 1
25 [125884525882304] INFO perfrun.launcher <> - set environment variable: CORECLR_PROFILER = {AA5E4821-E3B1-479c-B7FF-5AD047D22CED}
25 [125884525882304] INFO perfrun.launcher <> - set environment variable: CORECLR_PROFILER_PATH = /opt/intel/oneapi/vtune/2024.1/lib64/libamplxe_samplingmrte_clrprof_1.0.so
25 [125884525882304] INFO perfrun.launcher <> - set environment variable: INTEL_MRTE_PROFILER_MODE = mixed
25 [125884525882304] INFO perfrun.launcher <> - RpcServer: run RPC server to handle requests
25 [125884525882304] INFO perfrun.launcher <> - Launcher: command line to start before modification = /home/mgiampaolo/intel/vtune/samples/matrix/matrix
25 [125884525882304] INFO perfrun.launcher <> - Launcher: command line to start after modification = /opt/intel/oneapi/vtune/2024.1/bin64/pin -error_file /home/mgiampaolo/Desktop/vtune-cli/data.0/pinerr.tpsslog -detach_reattach -follow_execv -tool_load_option deepbind -t64 /opt/intel/oneapi/vtune/2024.1/lib64/libtpsstool.so -t /opt/intel/oneapi/vtune/2024.1/lib32/libtpsstool.so -server_name tpss_ipc.13486 -prd_dir /opt/intel/oneapi/vtune/2024.1 -- /home/mgiampaolo/intel/vtune/samples/matrix/matrix
25 [125884525882304] INFO perfrun.launcher <> - ProcessCreator object was created
26 [125884525882304] INFO perfrun.launcher <> - Launcher: the process was started in suspend mode
27 [125884302362304] WARN perfrun.system <> - Could not do anything with /sys/kernel/debug/kvm: boost::filesystem::status: Permission denied [system:13]: "/sys/kernel/debug/kvm", at file: vcs/perfrun1/plugins/system/src/trace_writer.cpp:787
27 [125884302362304] WARN perfrun.system <> - Folder "/var/run/libvirt/qemu/"doesn't exist, at file: vcs/perfrun1/plugins/system/src/trace_writer.cpp:800
27 [125884302362304] WARN perfrun.sdk <> - Failed to find xl binary on any of the system paths: /bin, /sbin, /usr/bin, /usr/sbin., at file: vcs/perfrun1/sdk/src/utils.cpp:204
27 [125884302362304] WARN perfrun.system <> - Could not start ContainerMapping collector, at file: vcs/perfrun1/plugins/system/src/controller.cpp:448
28 [125884302362304] INFO perfrun.vdso <> - Helper runtool '/opt/intel/oneapi/vtune/2024.1/bin32/amplxe-runss -dump-vdso -r /home/mgiampaolo/Desktop/vtune-cli --tmp-dir /tmp/amplxe-tmp-mgiampaolo' returned 1
57 [125884302362304] INFO perfrun.vdso <> - Helper runtool '/opt/intel/oneapi/vtune/2024.1/bin64/amplxe-runss -dump-vdso -r /home/mgiampaolo/Desktop/vtune-cli --tmp-dir /tmp/amplxe-tmp-mgiampaolo' returned 0
57 [125884302362304] INFO perfrun.itt <> - start itt controller for pid #13491
57 [125884302362304] INFO perfrun.tpss <> - start tpss controller for pid #13491
107 [125884525882304] INFO perfrun.launcher <> - Launcher: all plugins were started
107 [125884525882304] INFO perfrun.launcher <> - DirectoryMonitor object was created
107 [125884525882304] INFO perfrun.launcher <> - DirectoryMonitor: a callback was added
107 [125884525882304] INFO perfrun.launcher <> - DirectoryMonitor was started with pingTime = 1000
107 [125884525882304] INFO perfrun.launcher <> - DeadlineTimer is going to be constructed
107 [125884525882304] INFO perfrun.launcher <> - DeadlineTimer: a callback was added
114 [125884525882304] INFO perfrun.launcher <> - Launcher: resume the profiled application and  wait its termination or stop command
14515 [125884525882304] INFO perfrun.launcher <> - Launcher: the profiled application was terminated  with exit code = 0
14518 [125884302362304] INFO perfrun.itt <> - detach itt controller
14518 [125884302362304] INFO perfrun.itt <> - detach itt controller done
14518 [125884302362304] INFO perfrun.tpss <> - stop tpss controller
14518 [125884302362304] INFO perfrun.sdk <> - De-allocating TMU: /home/mgiampaolo/Desktop/vtune-cli/data.0/systemcollector-13486-Invariant.sc
14518 [125884302362304] INFO perfrun.system <> - closed the system trace file: /home/mgiampaolo/Desktop/vtune-cli/data.0/systemcollector-13486-Invariant.sc
14518 [125884525882304] INFO perfrun.launcher <> - Launcher: all plugins were stopped.
14518 [125884525882304] INFO perfrun.launcher <> - DeadlineTimer is going to be destroyed
14518 [125884525882304] INFO perfrun.launcher <> - DeadlineTimer was destroyed
14518 [125884525882304] INFO perfrun.launcher <> - DirectoryMonitor object was destroyed
14518 [125884525882304] WARN perfrun.launcher <> - Stop command is ignored because it is received when collection is already stopped, at file: vcs/perfrun1/launcher/src/command_handler.cpp:226
14519 [125884525882304] INFO perfrun.launcher <> - Application exit code: 0
14519 [125884525882304] INFO perfrun.launcher <> - Exit code: 0
