Using DWARF Function DIE ID: 451
Using DWARF Variable DIE ID: 497 with size 40
FBREG OFFSET: -1

LOWPC,HIGHPC addr: -1,-1

#
# Instruction Trace Generated By Roswell TracerPin UNKNOWN
#
[*] Arguments:
[*]    0: /home/mgiampaolo/pin-external-3.31-98861-g71afcc22f-gcc-linux/intel64/bin/pinbin
[*]    1: -p32
[*]    2: /home/mgiampaolo/pin-external-3.31-98861-g71afcc22f-gcc-linux/ia32/bin/pinbin
[*]    3: -ifeellucky
[*]    4: -t64
[*]    5: /usr/local/bin/obj-intel64/TracerMod.so
[*]    6: -t
[*]    7: /usr/local/bin/obj-ia32/TracerMod.so
[*]    8: -i
[*]    9: 0
[*]   10: -b
[*]   11: 0
[*]   12: -c
[*]   13: 0
[*]   14: -fdid
[*]   15: 451
[*]   16: -vdid
[*]   17: 497
[*]   18: -vs
[*]   19: 40
[*]   20: -o
[*]   21: dwarfeame_vector.log
[*]   22: --
[*]   23: prueba/tool
[-] Loaded module: /lib64/ld-linux-x86-64.so.2
[!] Filtered /lib64/ld-linux-x86-64.so.2
[-] Module base: 0x7ffff7fc7000
[-] Module end:  0x7ffff7ffab53
[-] Loaded module: [vdso]
[-] Module base: 0x7ffff7fc5000
[-] Module end:  0x7ffff7fc66ee
[T]         1 Thread 0x100000000 started. Flags: 0x0
[-] Loaded module: /usr/lib/libstdc++.so.6
[!] Filtered /usr/lib/libstdc++.so.6
[-] Module base: 0x7fffe4200000
[-] Module end:  0x7fffe448503f
[-] Loaded module: /usr/lib/libm.so.6
[!] Filtered /usr/lib/libm.so.6
[-] Module base: 0x7fffe40c1000
[-] Module end:  0x7fffe41af147
[-] Loaded module: /usr/lib/libgcc_s.so.1
[!] Filtered /usr/lib/libgcc_s.so.1
[-] Module base: 0x7fffe4072000
[-] Module end:  0x7fffe409f1e7
[-] Loaded module: /usr/lib/libc.so.6
[!] Filtered /usr/lib/libc.so.6
[-] Module base: 0x7fffe3e2a000
[-] Module end:  0x7fffe401abb7
[T]         1 Thread 0x100000000 finished. Code: 1
